<?xml version="1.0" encoding="UTF-8"?>
<testng-results skipped="0" failed="0" total="1" passed="1">
  <reporter-output>
  </reporter-output>
  <suite name="Default suite" duration-ms="11505" started-at="2018-03-02T19:38:17Z" finished-at="2018-03-02T19:38:28Z">
    <groups>
    </groups>
    <test name="Default test" duration-ms="11505" started-at="2018-03-02T19:38:17Z" finished-at="2018-03-02T19:38:28Z">
      <class name="test.SampleTest">
        <test-method status="PASS" signature="setUp()[pri:0, instance:test.SampleTest@2be94b0f]" name="setUp" is-config="true" duration-ms="5062" started-at="2018-03-03T01:08:17Z" finished-at="2018-03-03T01:08:22Z">
          <reporter-output>
          </reporter-output>
        </test-method> <!-- setUp -->
        <test-method status="PASS" signature="testSampleWarServlet()[pri:0, instance:test.SampleTest@2be94b0f]" name="testSampleWarServlet" duration-ms="5257" started-at="2018-03-03T01:08:22Z" finished-at="2018-03-03T01:08:27Z">
          <reporter-output>
          </reporter-output>
        </test-method> <!-- testSampleWarServlet -->
        <test-method status="PASS" signature="tearDown()[pri:0, instance:test.SampleTest@2be94b0f]" name="tearDown" is-config="true" duration-ms="1164" started-at="2018-03-03T01:08:27Z" finished-at="2018-03-03T01:08:28Z">
          <reporter-output>
          </reporter-output>
        </test-method> <!-- tearDown -->
      </class> <!-- test.SampleTest -->
    </test> <!-- Default test -->
  </suite> <!-- Default suite -->
</testng-results>
